<?xml version="1.0" encoding="UTF-8"?>
<!-- Generated by org.testng.reporters.JUnitReportReporter -->
<testsuite hostname="DESKTOP-3LQC5PV" failures="0" tests="2" name="day40.PaymentTests" time="0.003" errors="0" timestamp="2023-09-04T00:20:44 IST" skipped="0">
  <testcase classname="day40.PaymentTests" name="paymentindollar" time="0.002"/>
  <system-out/>
  <testcase classname="day40.PaymentTests" name="paymentinrupees" time="0.001"/>
  <system-out/>
</testsuite> <!-- day40.PaymentTests -->
