<?xml version="1.0" encoding="UTF-8"?>
<!-- Generated by org.testng.reporters.JUnitReportReporter -->
<testsuite hostname="DESKTOP-3LQC5PV" failures="0" tests="1" name="day39.pack.Class1" time="0.006" errors="0" timestamp="2023-09-03T22:52:50 IST" skipped="0">
  <testcase classname="day39.pack.Class1" name="abc" time="0.006"/>
  <system-out/>
</testsuite> <!-- day39.pack.Class1 -->
