<?xml version="1.0" encoding="UTF-8"?>
<!-- Generated by org.testng.reporters.JUnitReportReporter -->
<testsuite hostname="DESKTOP-3LQC5PV" failures="0" tests="1" name="day40.SignUpTests" time="0.000" errors="0" timestamp="2023-09-04T00:20:44 IST" skipped="0">
  <testcase classname="day40.SignUpTests" name="signupbyemail" time="0.000"/>
  <system-out/>
</testsuite> <!-- day40.SignUpTests -->
