<?xml version="1.0" encoding="UTF-8"?>
<!-- Generated by org.testng.reporters.JUnitReportReporter -->
<testsuite hostname="DESKTOP-3LQC5PV" failures="0" tests="6" name="day40.ParamTest" time="6.438" errors="0" timestamp="2023-09-04T00:21:15 IST" skipped="0">
  <testcase classname="day40.ParamTest" name="testLogo" time="3.107"/>
  <system-out/>
  <testcase classname="day40.ParamTest" name="testLogo" time="3.058"/>
  <system-out/>
  <testcase classname="day40.ParamTest" name="testHomePageTitle" time="0.023"/>
  <system-out/>
  <testcase classname="day40.ParamTest" name="testHomePageTitle" time="0.016"/>
  <system-out/>
  <testcase classname="day40.ParamTest" name="testAppURL" time="0.031"/>
  <system-out/>
  <testcase classname="day40.ParamTest" name="testAppURL" time="0.203"/>
  <system-out/>
</testsuite> <!-- day40.ParamTest -->
