<?xml version="1.0" encoding="UTF-8"?>
<!-- Generated by org.testng.reporters.JUnitReportReporter -->
<testsuite hostname="DESKTOP-3LQC5PV" failures="0" tests="1" name="day42.TestHomePageLinks" time="0.424" errors="0" timestamp="2023-09-04T21:46:32 IST" skipped="0">
  <testcase classname="day42.TestHomePageLinks" name="testLinks" time="0.424"/>
  <system-out/>
</testsuite> <!-- day42.TestHomePageLinks -->
