<?xml version="1.0" encoding="UTF-8"?>
<!-- Generated by org.testng.reporters.JUnitReportReporter -->
<testsuite hostname="DESKTOP-3LQC5PV" failures="0" tests="1" name="day42.LoginTest" time="1.680" errors="0" timestamp="2023-09-04T21:47:44 IST" skipped="0">
  <testcase classname="day42.LoginTest" name="testLogin" time="1.680"/>
  <system-out/>
</testsuite> <!-- day42.LoginTest -->
