<?xml version="1.0" encoding="UTF-8"?>
<!-- Generated by org.testng.reporters.JUnitReportReporter -->
<testsuite hostname="DESKTOP-3LQC5PV" failures="0" tests="3" name="day38.FirstTestCase" time="0.010" errors="0" timestamp="2023-09-03T22:52:14 IST" skipped="0">
  <testcase classname="day38.FirstTestCase" name="login" time="0.008"/>
  <system-out/>
  <testcase classname="day38.FirstTestCase" name="openApp" time="0.002"/>
  <system-out/>
  <testcase classname="day38.FirstTestCase" name="logout" time="0.000"/>
  <system-out/>
</testsuite> <!-- day38.FirstTestCase -->
