<?xml version="1.0" encoding="UTF-8"?>
<!-- Generated by org.testng.reporters.JUnitReportReporter -->
<testsuite hostname="DESKTOP-3LQC5PV" failures="0" tests="4" name="day38.OrangeHRMLogin" time="13.824" errors="0" timestamp="2023-09-03T22:52:40 IST" skipped="0">
  <testcase classname="day38.OrangeHRMLogin" name="openApp" time="13.228"/>
  <system-out/>
  <testcase classname="day38.OrangeHRMLogin" name="testLogo" time="0.094"/>
  <system-out/>
  <testcase classname="day38.OrangeHRMLogin" name="testLogin" time="0.264"/>
  <system-out/>
  <testcase classname="day38.OrangeHRMLogin" name="closeApp" time="0.238"/>
  <system-out/>
</testsuite> <!-- day38.OrangeHRMLogin -->
