<?xml version="1.0" encoding="UTF-8"?>
<!-- Generated by org.testng.reporters.JUnitReportReporter -->
<testsuite hostname="DESKTOP-3LQC5PV" failures="0" tests="1" name="day39.pack.Class2" time="0.001" errors="0" timestamp="2023-09-03T22:52:50 IST" skipped="0">
  <testcase classname="day39.pack.Class2" name="xyz" time="0.001"/>
  <system-out/>
</testsuite> <!-- day39.pack.Class2 -->
